==========================================
每日自查 - 2026-03-06 13:04:54
==========================================

【检查1】Git状态
⚠️ 发现 1 个未推送提交
d3203b3 修复: Error #006 - 任务完成验证系统 + 日报推送
尝试自动推送...
fatal: unable to access 'https://github.com/qingyu3880/ai-reports-silk.git/': Failed to connect to github.com port 443 after 136079 ms: Couldn't connect to server
✅ 推送成功

【检查2】错误日志
⚠️ 今天有 3 个新错误记录

【检查3】定时任务
✅ 定时任务检查完成

【检查4】技能状态
当前技能数: 19

【检查5】待办事项
✅ 没有待办事项文件

==========================================
自查完成
发现问题: 1 个
⚠️ 请查看上述问题并处理
==========================================

